[2021-10-26 03:31:04.253] [exthost] [info] extension host started
[2021-10-26 03:31:04.253] [exthost] [info] Skipping acquiring lock for /home/mdpstory/.config/Code/User/workspaceStorage/a32765208cdb8c80889a1f7777097f0f.
[2021-10-26 03:31:04.324] [exthost] [info] ExtensionService#_doActivateExtension vscode.microsoft-authentication, startup: false, activationEvent: 'onAuthenticationRequest:microsoft'
[2021-10-26 03:31:04.325] [exthost] [info] ExtensionService#loadCommonJSModule file:///opt/visual-studio-code/resources/app/extensions/microsoft-authentication/dist/extension.js
[2021-10-26 03:31:04.364] [exthost] [info] ExtensionService#_doActivateExtension vscode.typescript-language-features, startup: false, activationEvent: 'onLanguage:javascript'
[2021-10-26 03:31:04.364] [exthost] [info] ExtensionService#loadCommonJSModule file:///opt/visual-studio-code/resources/app/extensions/typescript-language-features/dist/extension
[2021-10-26 03:31:04.464] [exthost] [info] ExtensionService#_doActivateExtension vscode.debug-auto-launch, startup: true, activationEvent: '*'
[2021-10-26 03:31:04.464] [exthost] [info] ExtensionService#loadCommonJSModule file:///opt/visual-studio-code/resources/app/extensions/debug-auto-launch/dist/extension
[2021-10-26 03:31:04.476] [exthost] [info] ExtensionService#_doActivateExtension vscode.git, startup: true, activationEvent: '*', root cause: vscode.github
[2021-10-26 03:31:04.476] [exthost] [info] ExtensionService#loadCommonJSModule file:///opt/visual-studio-code/resources/app/extensions/git/dist/main
[2021-10-26 03:31:04.538] [exthost] [info] ExtensionService#_doActivateExtension CoenraadS.bracket-pair-colorizer, startup: true, activationEvent: '*'
[2021-10-26 03:31:04.538] [exthost] [info] ExtensionService#loadCommonJSModule file:///home/mdpstory/.vscode/extensions/coenraads.bracket-pair-colorizer-1.0.61/out/src/extension
[2021-10-26 03:31:05.467] [exthost] [info] ExtensionService#_doActivateExtension PKief.material-icon-theme, startup: true, activationEvent: '*'
[2021-10-26 03:31:05.467] [exthost] [info] ExtensionService#loadCommonJSModule file:///home/mdpstory/.vscode/extensions/pkief.material-icon-theme-4.10.0/dist/extension
[2021-10-26 03:31:05.489] [exthost] [info] ExtensionService#_doActivateExtension ritwickdey.LiveServer, startup: true, activationEvent: '*'
[2021-10-26 03:31:05.489] [exthost] [info] ExtensionService#loadCommonJSModule file:///home/mdpstory/.vscode/extensions/ritwickdey.liveserver-5.6.1/out/src/extension
[2021-10-26 03:31:07.529] [exthost] [info] ExtensionService#_doActivateExtension vscodevim.vim, startup: true, activationEvent: '*'
[2021-10-26 03:31:07.529] [exthost] [info] ExtensionService#loadCommonJSModule file:///home/mdpstory/.vscode/extensions/vscodevim.vim-1.21.10/out/extension
[2021-10-26 03:31:07.690] [exthost] [info] ExtensionService#_doActivateExtension zhuangtongfa.material-theme, startup: true, activationEvent: '*'
[2021-10-26 03:31:07.690] [exthost] [info] ExtensionService#loadCommonJSModule file:///home/mdpstory/.vscode/extensions/zhuangtongfa.material-theme-3.13.2/out/extension.js
[2021-10-26 03:31:07.847] [exthost] [info] ExtensionService#_doActivateExtension vscode.npm, startup: true, activationEvent: 'workspaceContains:package.json'
[2021-10-26 03:31:07.847] [exthost] [info] ExtensionService#loadCommonJSModule file:///opt/visual-studio-code/resources/app/extensions/npm/dist/npmMain
[2021-10-26 03:31:08.235] [exthost] [info] ExtensionService#_doActivateExtension vscode.github, startup: true, activationEvent: '*'
[2021-10-26 03:31:08.235] [exthost] [info] ExtensionService#loadCommonJSModule file:///opt/visual-studio-code/resources/app/extensions/github/dist/extension.js
[2021-10-26 03:31:08.428] [exthost] [info] ExtensionService#_doActivateExtension ms-vscode.js-debug, startup: false, activationEvent: 'onCommand:extension.js-debug.clearAutoAttachVariables'
[2021-10-26 03:31:08.428] [exthost] [info] ExtensionService#loadCommonJSModule file:///opt/visual-studio-code/resources/app/extensions/ms-vscode.js-debug/src/extension.js
[2021-10-26 03:31:09.069] [exthost] [info] eager extensions activated
[2021-10-26 03:31:09.085] [exthost] [info] ExtensionService#_doActivateExtension vscode.github-authentication, startup: false, activationEvent: 'onAuthenticationRequest:github'
[2021-10-26 03:31:09.086] [exthost] [info] ExtensionService#loadCommonJSModule file:///opt/visual-studio-code/resources/app/extensions/github-authentication/dist/extension.js
[2021-10-26 03:31:09.129] [exthost] [info] ExtensionService#_doActivateExtension vscode.emmet, startup: false, activationEvent: 'onStartupFinished'
[2021-10-26 03:31:09.129] [exthost] [info] ExtensionService#loadCommonJSModule file:///opt/visual-studio-code/resources/app/extensions/emmet/dist/node/emmetNodeMain
[2021-10-26 03:31:09.163] [exthost] [info] ExtensionService#_doActivateExtension vscode.merge-conflict, startup: false, activationEvent: 'onStartupFinished'
[2021-10-26 03:31:09.163] [exthost] [info] ExtensionService#loadCommonJSModule file:///opt/visual-studio-code/resources/app/extensions/merge-conflict/dist/mergeConflictMain
[2021-10-26 03:31:14.981] [exthost] [info] ExtensionService#_doActivateExtension vscode.configuration-editing, startup: false, activationEvent: 'onLanguage:jsonc'
[2021-10-26 03:31:14.981] [exthost] [info] ExtensionService#loadCommonJSModule file:///opt/visual-studio-code/resources/app/extensions/configuration-editing/dist/configurationEditingMain
[2021-10-26 03:31:15.026] [exthost] [info] ExtensionService#_doActivateExtension vscode.json-language-features, startup: false, activationEvent: 'onLanguage:jsonc'
[2021-10-26 03:31:15.026] [exthost] [info] ExtensionService#loadCommonJSModule file:///opt/visual-studio-code/resources/app/extensions/json-language-features/client/dist/node/jsonClientMain
[2021-10-26 03:33:03.603] [exthost] [info] extension host terminating: renderer closed the socket
[2021-10-26 03:33:04.623] [exthost] [info] exiting with code 0
