Validating found git in: git
Using git 2.33.1 from git
Opening repository for path='/home/mdpstory/Documents/Learning/Nodejs' failed; ex=Failed to execute git {
  "exitCode": 128,
  "gitErrorCode": "NotAGitRepository",
  "gitCommand": "rev-parse",
  "stdout": "",
  "stderr": "fatal: not a git repository (or any of the parent directories): .git\n"
}
Opening repository for path='/home/mdpstory/Documents/Learning/Nodejs/index.js' failed; ex=Error: spawn ENOTDIR
Opening repository for path='/home/mdpstory/Documents/Learning/Nodejs/node_modules' failed; ex=Failed to execute git {
  "exitCode": 128,
  "gitErrorCode": "NotAGitRepository",
  "gitCommand": "rev-parse",
  "stdout": "",
  "stderr": "fatal: not a git repository (or any of the parent directories): .git\n"
}
Opening repository for path='/home/mdpstory/Documents/Learning/Nodejs/package-lock.json' failed; ex=Error: spawn ENOTDIR
Opening repository for path='/home/mdpstory/Documents/Learning/Nodejs/package.json' failed; ex=Error: spawn ENOTDIR
Opening repository for path='/home/mdpstory/Documents/Learning/Nodejs' failed; ex=Failed to execute git {
  "exitCode": 128,
  "gitErrorCode": "NotAGitRepository",
  "gitCommand": "rev-parse",
  "stdout": "",
  "stderr": "fatal: not a git repository (or any of the parent directories): .git\n"
}
