[2021-10-25 23:36:48.777] [exthost] [info] extension host started
[2021-10-25 23:36:48.778] [exthost] [info] Skipping acquiring lock for /home/mdpstory/.config/Code/User/workspaceStorage/a32765208cdb8c80889a1f7777097f0f.
[2021-10-25 23:36:48.882] [exthost] [info] ExtensionService#_doActivateExtension vscode.microsoft-authentication, startup: false, activationEvent: 'onAuthenticationRequest:microsoft'
[2021-10-25 23:36:48.882] [exthost] [info] ExtensionService#loadCommonJSModule file:///opt/visual-studio-code/resources/app/extensions/microsoft-authentication/dist/extension.js
[2021-10-25 23:36:48.921] [exthost] [info] ExtensionService#_doActivateExtension vscode.configuration-editing, startup: false, activationEvent: 'onLanguage:jsonc'
[2021-10-25 23:36:48.922] [exthost] [info] ExtensionService#loadCommonJSModule file:///opt/visual-studio-code/resources/app/extensions/configuration-editing/dist/configurationEditingMain
[2021-10-25 23:36:48.941] [exthost] [info] ExtensionService#_doActivateExtension vscode.json-language-features, startup: false, activationEvent: 'onLanguage:jsonc'
[2021-10-25 23:36:48.941] [exthost] [info] ExtensionService#loadCommonJSModule file:///opt/visual-studio-code/resources/app/extensions/json-language-features/client/dist/node/jsonClientMain
[2021-10-25 23:36:49.025] [exthost] [info] ExtensionService#_doActivateExtension vscode.typescript-language-features, startup: false, activationEvent: 'onLanguage:jsonc'
[2021-10-25 23:36:49.025] [exthost] [info] ExtensionService#loadCommonJSModule file:///opt/visual-studio-code/resources/app/extensions/typescript-language-features/dist/extension
[2021-10-25 23:36:49.126] [exthost] [info] ExtensionService#_doActivateExtension vscode.debug-auto-launch, startup: true, activationEvent: '*'
[2021-10-25 23:36:49.127] [exthost] [info] ExtensionService#loadCommonJSModule file:///opt/visual-studio-code/resources/app/extensions/debug-auto-launch/dist/extension
[2021-10-25 23:36:49.350] [exthost] [info] ExtensionService#_doActivateExtension vscode.git, startup: true, activationEvent: '*', root cause: vscode.github
[2021-10-25 23:36:49.351] [exthost] [info] ExtensionService#loadCommonJSModule file:///opt/visual-studio-code/resources/app/extensions/git/dist/main
[2021-10-25 23:36:49.558] [exthost] [info] ExtensionService#_doActivateExtension CoenraadS.bracket-pair-colorizer, startup: true, activationEvent: '*'
[2021-10-25 23:36:49.558] [exthost] [info] ExtensionService#loadCommonJSModule file:///home/mdpstory/.vscode/extensions/coenraads.bracket-pair-colorizer-1.0.61/out/src/extension
[2021-10-25 23:36:50.079] [exthost] [info] ExtensionService#_doActivateExtension PKief.material-icon-theme, startup: true, activationEvent: '*'
[2021-10-25 23:36:50.079] [exthost] [info] ExtensionService#loadCommonJSModule file:///home/mdpstory/.vscode/extensions/pkief.material-icon-theme-4.10.0/dist/extension
[2021-10-25 23:36:50.100] [exthost] [info] ExtensionService#_doActivateExtension ritwickdey.LiveServer, startup: true, activationEvent: '*'
[2021-10-25 23:36:50.101] [exthost] [info] ExtensionService#loadCommonJSModule file:///home/mdpstory/.vscode/extensions/ritwickdey.liveserver-5.6.1/out/src/extension
[2021-10-25 23:36:52.272] [exthost] [info] ExtensionService#_doActivateExtension vscodevim.vim, startup: true, activationEvent: '*'
[2021-10-25 23:36:52.272] [exthost] [info] ExtensionService#loadCommonJSModule file:///home/mdpstory/.vscode/extensions/vscodevim.vim-1.21.10/out/extension
[2021-10-25 23:36:52.359] [exthost] [info] ExtensionService#_doActivateExtension zhuangtongfa.material-theme, startup: true, activationEvent: '*'
[2021-10-25 23:36:52.359] [exthost] [info] ExtensionService#loadCommonJSModule file:///home/mdpstory/.vscode/extensions/zhuangtongfa.material-theme-3.13.2/out/extension.js
[2021-10-25 23:36:52.523] [exthost] [info] ExtensionService#_doActivateExtension vscode.npm, startup: true, activationEvent: 'workspaceContains:package.json'
[2021-10-25 23:36:52.523] [exthost] [info] ExtensionService#loadCommonJSModule file:///opt/visual-studio-code/resources/app/extensions/npm/dist/npmMain
[2021-10-25 23:36:52.864] [exthost] [info] ExtensionService#_doActivateExtension vscode.github, startup: true, activationEvent: '*'
[2021-10-25 23:36:52.864] [exthost] [info] ExtensionService#loadCommonJSModule file:///opt/visual-studio-code/resources/app/extensions/github/dist/extension.js
[2021-10-25 23:36:52.930] [exthost] [info] ExtensionService#_doActivateExtension ms-vscode.js-debug, startup: false, activationEvent: 'onCommand:extension.js-debug.clearAutoAttachVariables'
[2021-10-25 23:36:52.930] [exthost] [info] ExtensionService#loadCommonJSModule file:///opt/visual-studio-code/resources/app/extensions/ms-vscode.js-debug/src/extension.js
[2021-10-25 23:36:53.360] [exthost] [info] eager extensions activated
[2021-10-25 23:36:53.437] [exthost] [info] ExtensionService#_doActivateExtension vscode.github-authentication, startup: false, activationEvent: 'onAuthenticationRequest:github'
[2021-10-25 23:36:53.437] [exthost] [info] ExtensionService#loadCommonJSModule file:///opt/visual-studio-code/resources/app/extensions/github-authentication/dist/extension.js
[2021-10-25 23:36:53.475] [exthost] [info] ExtensionService#_doActivateExtension vscode.emmet, startup: false, activationEvent: 'onStartupFinished'
[2021-10-25 23:36:53.476] [exthost] [info] ExtensionService#loadCommonJSModule file:///opt/visual-studio-code/resources/app/extensions/emmet/dist/node/emmetNodeMain
[2021-10-25 23:36:53.516] [exthost] [info] ExtensionService#_doActivateExtension vscode.merge-conflict, startup: false, activationEvent: 'onStartupFinished'
[2021-10-25 23:36:53.516] [exthost] [info] ExtensionService#loadCommonJSModule file:///opt/visual-studio-code/resources/app/extensions/merge-conflict/dist/mergeConflictMain
[2021-10-25 23:39:40.450] [exthost] [info] extension host terminating: renderer closed the socket
[2021-10-25 23:39:41.479] [exthost] [info] exiting with code 0
